v ATLAS
# This file was created by ATLAS version 5.26.1.R on Sat Dec 20 15:31:20 2025.
#SSF 2.0 generic
##############################################################################
#                    Copyright (c) 1984 - 2018                               #
#                    Silvaco Inc. All rights reserved                        #
#                                                                            #
# This file format and the following Key are copyright Silvaco Inc.          #
# You may not use, this format or key without reproducing this message in    #
# full and obtaining express written permission from Silvaco Inc.            #
#                                                                            #
# To obtain such permission please contact: Silvaco Inc.                     #
#                                           support@silvaco.com              #
#                                                                            #
# KEY=SVC86hn7562asdx                       PROD=345                         #
##############################################################################
y 3 700 711 15
z 0.8 0.05 300
f 1 "gate" 
p 3 2 601 20 
d 0.000000000e+000 0.000000000e+000 -6.883224838e-019 
d 1.000000000e-001 1.000000000e-001 -9.491510648e-019 
d 2.000000000e-001 2.000000000e-001 -5.099254830e-023 
d 3.000000000e-001 3.000000000e-001 3.824441125e-023 
d 4.000000000e-001 4.000000000e-001 -7.903844990e-022 
d 5.000000000e-001 5.000000000e-001 -3.594974657e-021 
d 6.000000000e-001 6.000000000e-001 -2.830086432e-021 
d 7.000000000e-001 7.000000000e-001 -1.274813708e-022 
d 8.000000000e-001 8.000000000e-001 1.019850966e-022 
d 9.000000000e-001 9.000000000e-001 -1.338554394e-021 
d 1.000000000e+000 1.000000000e+000 -5.099254832e-023 
d 1.100000000e+000 1.100000000e+000 -5.048262284e-021 
d 1.200000000e+000 1.200000000e+000 -5.889639332e-021 
d 1.300000000e+000 1.300000000e+000 1.886724288e-021 
d 1.400000000e+000 1.400000000e+000 1.211073023e-021 
d 1.500000000e+000 1.500000000e+000 -7.521400878e-022 
d 1.600000000e+000 1.600000000e+000 -3.365508189e-021 
d 1.700000000e+000 1.700000000e+000 3.875433673e-021 
d 1.800000000e+000 1.800000000e+000 6.297579718e-021 
d 1.900000000e+000 1.900000000e+000 -3.951922495e-022 
d 2.000000000e+000 2.000000000e+000 -2.061373766e-020 
d 2.100000000e+000 2.100000000e+000 2.088144854e-020 
d 2.200000000e+000 2.200000000e+000 -6.514298049e-021 
d 2.300000000e+000 2.300000000e+000 1.496631293e-020 
d 2.400000000e+000 2.400000000e+000 -2.123839638e-020 
d 2.500000000e+000 2.500000000e+000 -1.427791353e-021 
d 2.600000000e+000 2.600000000e+000 4.002915044e-021 
d 2.700000000e+000 2.700000000e+000 1.082316838e-020 
d 2.800000000e+000 2.800000000e+000 -6.068113251e-021 
d 2.900000000e+000 2.900000000e+000 1.529776450e-020 
d 3.000000000e+000 3.000000000e+000 9.637591633e-021 
d 3.100000000e+000 3.100000000e+000 -5.876891195e-021 
d 3.200000000e+000 3.200000000e+000 6.463305500e-021 
d 3.300000000e+000 3.300000000e+000 1.568020861e-021 
d 3.400000000e+000 3.400000000e+000 1.135859014e-020 
d 3.500000000e+000 3.500000000e+000 -6.883994024e-022 
d 3.600000000e+000 3.600000000e+000 -4.505191645e-020 
d 3.700000000e+000 3.700000000e+000 4.670917427e-020 
d 3.800000000e+000 3.800000000e+000 2.599345151e-020 
d 3.900000000e+000 3.900000000e+000 -2.595520710e-020 
d 4.000000000e+000 4.000000000e+000 9.357132618e-021 
d 4.100000000e+000 4.100000000e+000 -8.044074498e-021 
d 4.200000000e+000 4.200000000e+000 -3.926426221e-020 
d 4.300000000e+000 4.300000000e+000 4.878712061e-020 
d 4.400000000e+000 4.400000000e+000 1.746494780e-020 
d 4.500000000e+000 4.500000000e+000 -1.431615794e-020 
d 4.600000000e+000 4.600000000e+000 2.988163332e-020 
d 4.700000000e+000 4.700000000e+000 2.088144854e-020 
d 4.800000000e+000 4.800000000e+000 -2.037152306e-020 
d 4.900000000e+000 4.900000000e+000 9.841561827e-021 
d 5.000000000e+000 5.000000000e+000 3.466218472e-020 
