v ATLAS
# This file was created by ATLAS version 5.26.1.R on Sat Dec 20 15:28:25 2025.
#SSF 2.0 generic
##############################################################################
#                    Copyright (c) 1984 - 2018                               #
#                    Silvaco Inc. All rights reserved                        #
#                                                                            #
# This file format and the following Key are copyright Silvaco Inc.          #
# You may not use, this format or key without reproducing this message in    #
# full and obtaining express written permission from Silvaco Inc.            #
#                                                                            #
# To obtain such permission please contact: Silvaco Inc.                     #
#                                           support@silvaco.com              #
#                                                                            #
# KEY=SVC86hn7562asdx                       PROD=345                         #
##############################################################################
y 3 700 711 15
z 0.8 0.05 300
f 1 "gate" 
p 3 2 601 20 
d 0.000000000e+000 0.000000000e+000 6.929100781e-019 
d -1.000000000e-001 -1.000000000e-001 7.838765852e-019 
d -2.000000000e-001 -2.000000000e-001 1.172828612e-021 
d -3.000000000e-001 -3.000000000e-001 -2.128938893e-021 
d -4.000000000e-001 -4.000000000e-001 -3.633219068e-022 
d -5.000000000e-001 -5.000000000e-001 -1.912220562e-022 
d -6.000000000e-001 -6.000000000e-001 -1.638135615e-021 
d -7.000000000e-001 -7.000000000e-001 -2.179931442e-021 
d -8.000000000e-001 -8.000000000e-001 1.886724289e-021 
d -9.000000000e-001 -9.000000000e-001 -5.105628903e-021 
d -1.000000000e+000 -1.000000000e+000 -4.653070036e-021 
d -1.100000000e+000 -1.100000000e+000 -1.553997911e-020 
d -1.200000000e+000 -1.200000000e+000 1.006465423e-020 
d -1.300000000e+000 -1.300000000e+000 1.165817136e-020 
d -1.400000000e+000 -1.400000000e+000 -1.281187777e-021 
d -1.500000000e+000 -1.500000000e+000 -1.207885989e-020 
d -1.600000000e+000 -1.600000000e+000 6.590786873e-021 
d -1.700000000e+000 -1.700000000e+000 7.183575248e-021 
d -1.800000000e+000 -1.800000000e+000 2.148061099e-021 
d -1.900000000e+000 -1.900000000e+000 1.646421905e-020 
d -2.000000000e+000 -2.000000000e+000 1.854853946e-021 
d -2.100000000e+000 -2.100000000e+000 -1.325806257e-021 
d -2.200000000e+000 -2.200000000e+000 -5.366965713e-021 
d -2.300000000e+000 -2.300000000e+000 -1.255691503e-021 
d -2.400000000e+000 -2.400000000e+000 4.187763032e-021 
d -2.500000000e+000 -2.500000000e+000 4.952651258e-021 
d -2.600000000e+000 -2.600000000e+000 9.439995512e-021 
d -2.700000000e+000 -2.700000000e+000 1.267164826e-020 
d -2.800000000e+000 -2.800000000e+000 -2.439993438e-020 
d -2.900000000e+000 -2.900000000e+000 -7.272812207e-021 
d -3.000000000e+000 -3.000000000e+000 6.654527559e-021 
d -3.100000000e+000 -3.100000000e+000 3.722456029e-021 
d -3.200000000e+000 -3.200000000e+000 1.508742024e-020 
d -3.300000000e+000 -3.300000000e+000 -5.755783894e-021 
d -3.400000000e+000 -3.400000000e+000 2.046076002e-021 
d -3.500000000e+000 -3.500000000e+000 1.348115497e-020 
d -3.600000000e+000 -3.600000000e+000 1.527864230e-020 
d -3.700000000e+000 -3.700000000e+000 -3.849937400e-021 
d -3.800000000e+000 -3.800000000e+000 8.095067050e-022 
d -3.900000000e+000 -3.900000000e+000 3.021308489e-021 
d -4.000000000e+000 -4.000000000e+000 1.030049477e-020 
d -4.100000000e+000 -4.100000000e+000 -2.103442620e-022 
d -4.200000000e+000 -4.200000000e+000 -9.172284633e-021 
d -4.300000000e+000 -4.300000000e+000 -2.517757074e-021 
d -4.400000000e+000 -4.400000000e+000 -9.573850951e-021 
d -4.500000000e+000 -4.500000000e+000 6.565290599e-021 
d -4.600000000e+000 -4.600000000e+000 8.279915037e-021 
d -4.700000000e+000 -4.700000000e+000 -1.434165422e-021 
d -4.800000000e+000 -4.800000000e+000 2.687307298e-020 
d -4.900000000e+000 -4.900000000e+000 -9.433621443e-022 
d -5.000000000e+000 -5.000000000e+000 5.405210124e-021 
