v ATLAS
# This file was created by ATLAS version 5.26.1.R on Sat Dec 20 12:54:31 2025.
#SSF 2.0 generic
##############################################################################
#                    Copyright (c) 1984 - 2018                               #
#                    Silvaco Inc. All rights reserved                        #
#                                                                            #
# This file format and the following Key are copyright Silvaco Inc.          #
# You may not use, this format or key without reproducing this message in    #
# full and obtaining express written permission from Silvaco Inc.            #
#                                                                            #
# To obtain such permission please contact: Silvaco Inc.                     #
#                                           support@silvaco.com              #
#                                                                            #
# KEY=SVC86hn7562asdx                       PROD=345                         #
##############################################################################
y 3 700 711 15
z 0.4 0.02 300
f 4 "gate" "vdd" "gnd" "output" 
p 12 2 601 20 3 602 21 4 603 22 5 604 23 
d 0.000000000e+000 0.000000000e+000 0.000000000e+000 7.125000000e-001 7.125000000e-001 2.070847933e-006 0.000000000e+000 0.000000000e+000 -1.728161232e-012 0.000000000e+000 0.000000000e+000 -2.070846205e-006 
d 2.000000000e-001 2.000000000e-001 0.000000000e+000 7.125000000e-001 7.125000000e-001 2.012733931e-006 0.000000000e+000 0.000000000e+000 -2.790891465e-012 0.000000000e+000 0.000000000e+000 -2.012731141e-006 
d 4.000000000e-001 4.000000000e-001 0.000000000e+000 7.125000000e-001 7.125000000e-001 1.979441593e-006 0.000000000e+000 0.000000000e+000 -3.812597711e-012 0.000000000e+000 0.000000000e+000 -1.979437780e-006 
d 6.000000000e-001 6.000000000e-001 0.000000000e+000 7.125000000e-001 7.125000000e-001 1.959932013e-006 0.000000000e+000 0.000000000e+000 -4.507561318e-012 0.000000000e+000 0.000000000e+000 -1.959927506e-006 
d 8.000000000e-001 8.000000000e-001 0.000000000e+000 7.125000000e-001 7.125000000e-001 1.948066416e-006 0.000000000e+000 0.000000000e+000 -4.877325145e-012 0.000000000e+000 0.000000000e+000 -1.948061539e-006 
d 1.000000000e+000 1.000000000e+000 0.000000000e+000 7.125000000e-001 7.125000000e-001 1.939364008e-006 0.000000000e+000 0.000000000e+000 -5.097424214e-012 0.000000000e+000 0.000000000e+000 -1.939358911e-006 
d 1.200000000e+000 1.200000000e+000 0.000000000e+000 7.125000000e-001 7.125000000e-001 1.932379815e-006 0.000000000e+000 0.000000000e+000 -5.246418294e-012 0.000000000e+000 0.000000000e+000 -1.932374568e-006 
d 1.400000000e+000 1.400000000e+000 0.000000000e+000 7.125000000e-001 7.125000000e-001 1.926444618e-006 0.000000000e+000 0.000000000e+000 -5.355629877e-012 0.000000000e+000 0.000000000e+000 -1.926439262e-006 
d 1.600000000e+000 1.600000000e+000 0.000000000e+000 7.125000000e-001 7.125000000e-001 1.921224669e-006 0.000000000e+000 0.000000000e+000 -5.439934418e-012 0.000000000e+000 0.000000000e+000 -1.921219229e-006 
d 1.800000000e+000 1.800000000e+000 0.000000000e+000 7.125000000e-001 7.125000000e-001 1.916344440e-006 0.000000000e+000 0.000000000e+000 -5.506474037e-012 0.000000000e+000 0.000000000e+000 -1.916338933e-006 
d 2.000000000e+000 2.000000000e+000 0.000000000e+000 7.125000000e-001 7.125000000e-001 1.911776509e-006 0.000000000e+000 0.000000000e+000 -5.560468655e-012 0.000000000e+000 0.000000000e+000 -1.911770948e-006 
d 2.200000000e+000 2.200000000e+000 0.000000000e+000 7.125000000e-001 7.125000000e-001 1.907575673e-006 0.000000000e+000 0.000000000e+000 -5.605647709e-012 0.000000000e+000 0.000000000e+000 -1.907570068e-006 
d 2.400000000e+000 2.400000000e+000 0.000000000e+000 7.125000000e-001 7.125000000e-001 1.903694599e-006 0.000000000e+000 0.000000000e+000 -5.644177684e-012 0.000000000e+000 0.000000000e+000 -1.903688955e-006 
d 2.600000000e+000 2.600000000e+000 0.000000000e+000 7.125000000e-001 7.125000000e-001 1.900099865e-006 0.000000000e+000 0.000000000e+000 -5.677557200e-012 0.000000000e+000 0.000000000e+000 -1.900094188e-006 
d 2.800000000e+000 2.800000000e+000 0.000000000e+000 7.125000000e-001 7.125000000e-001 1.896766095e-006 0.000000000e+000 0.000000000e+000 -5.706912327e-012 0.000000000e+000 0.000000000e+000 -1.896760388e-006 
d 3.000000000e+000 3.000000000e+000 0.000000000e+000 7.125000000e-001 7.125000000e-001 1.893672885e-006 0.000000000e+000 0.000000000e+000 -5.733084130e-012 0.000000000e+000 0.000000000e+000 -1.893667152e-006 
d 3.200000000e+000 3.200000000e+000 0.000000000e+000 7.125000000e-001 7.125000000e-001 1.890621037e-006 0.000000000e+000 0.000000000e+000 -5.755752469e-012 0.000000000e+000 0.000000000e+000 -1.890615281e-006 
d 3.400000000e+000 3.400000000e+000 0.000000000e+000 7.125000000e-001 7.125000000e-001 1.887699167e-006 0.000000000e+000 0.000000000e+000 -5.775949967e-012 0.000000000e+000 0.000000000e+000 -1.887693391e-006 
d 3.600000000e+000 3.600000000e+000 0.000000000e+000 7.125000000e-001 7.125000000e-001 1.884981133e-006 0.000000000e+000 0.000000000e+000 -5.794491519e-012 0.000000000e+000 0.000000000e+000 -1.884975338e-006 
d 3.800000000e+000 3.800000000e+000 0.000000000e+000 7.125000000e-001 7.125000000e-001 1.882450910e-006 0.000000000e+000 0.000000000e+000 -5.811660219e-012 0.000000000e+000 0.000000000e+000 -1.882445099e-006 
d 4.000000000e+000 4.000000000e+000 0.000000000e+000 7.125000000e-001 7.125000000e-001 1.880093628e-006 0.000000000e+000 0.000000000e+000 -5.827702260e-012 0.000000000e+000 0.000000000e+000 -1.880087801e-006 
d 4.200000000e+000 4.200000000e+000 0.000000000e+000 7.125000000e-001 7.125000000e-001 1.877895390e-006 0.000000000e+000 0.000000000e+000 -5.842744363e-012 0.000000000e+000 0.000000000e+000 -1.877889548e-006 
d 4.400000000e+000 4.400000000e+000 0.000000000e+000 7.125000000e-001 7.125000000e-001 1.875843241e-006 0.000000000e+000 0.000000000e+000 -5.856958466e-012 0.000000000e+000 0.000000000e+000 -1.875837385e-006 
d 4.600000000e+000 4.600000000e+000 0.000000000e+000 7.125000000e-001 7.125000000e-001 1.873925168e-006 0.000000000e+000 0.000000000e+000 -5.870447764e-012 0.000000000e+000 0.000000000e+000 -1.873919298e-006 
d 4.800000000e+000 4.800000000e+000 0.000000000e+000 7.125000000e-001 7.125000000e-001 1.872130132e-006 0.000000000e+000 0.000000000e+000 -5.883295980e-012 0.000000000e+000 0.000000000e+000 -1.872124249e-006 
d 5.000000000e+000 5.000000000e+000 0.000000000e+000 7.125000000e-001 7.125000000e-001 1.870367848e-006 0.000000000e+000 0.000000000e+000 -5.895166570e-012 0.000000000e+000 0.000000000e+000 -1.870361953e-006 
